JvmtiExport can_access_local_variables 0
JvmtiExport can_hotswap_or_post_breakpoint 0
JvmtiExport can_post_on_exceptions 0
# 384 ciObject found
instanceKlass org/mozilla/javascript/SecurityUtilities$2
instanceKlass org/mozilla/javascript/SecurityUtilities
instanceKlass org/mozilla/javascript/GeneratedClassLoader
instanceKlass org/mozilla/javascript/ContextFactory$1
instanceKlass org/mozilla/javascript/SecurityController
instanceKlass org/mozilla/javascript/optimizer/BodyCodegen$ExceptionManager$ExceptionInfo
instanceKlass org/mozilla/classfile/ExceptionTableEntry
instanceKlass org/mozilla/javascript/optimizer/BodyCodegen$ExceptionManager
instanceKlass org/mozilla/javascript/optimizer/BodyCodegen
instanceKlass org/mozilla/classfile/FieldOrMethodRef
instanceKlass org/mozilla/classfile/ClassFileMethod
instanceKlass org/mozilla/classfile/ClassFileField
instanceKlass org/mozilla/javascript/UintMap
instanceKlass org/mozilla/classfile/ConstantPool
instanceKlass org/mozilla/classfile/ClassFileWriter
instanceKlass org/mozilla/javascript/ObjArray
instanceKlass org/mozilla/javascript/NodeTransformer
instanceKlass org/mozilla/javascript/optimizer/OptFunctionNode
instanceKlass org/mozilla/javascript/Node$PropListItem
instanceKlass org/mozilla/javascript/Node$NodeIterator
instanceKlass org/mozilla/javascript/Decompiler
instanceKlass org/mozilla/javascript/Parser$PerFunctionVariables
instanceKlass org/mozilla/javascript/Token
instanceKlass org/mozilla/javascript/Parser$ConditionData
instanceKlass org/mozilla/javascript/ast/Symbol
instanceKlass org/mozilla/javascript/ast/NodeVisitor
instanceKlass org/mozilla/javascript/ObjToIntMap
instanceKlass org/mozilla/javascript/TokenStream
instanceKlass org/mozilla/javascript/ast/IdeErrorReporter
instanceKlass org/mozilla/javascript/ast/DestructuringForm
instanceKlass org/mozilla/javascript/Parser
instanceKlass org/mozilla/javascript/DefaultErrorReporter
instanceKlass org/mozilla/javascript/CompilerEnvirons
instanceKlass org/mozilla/javascript/LazilyLoadedCtor
instanceKlass org/mozilla/javascript/xml/XMLLib$Factory
instanceKlass org/w3c/dom/Document
instanceKlass org/w3c/dom/NodeList
instanceKlass org/w3c/dom/UserDataHandler
instanceKlass org/w3c/dom/NamedNodeMap
instanceKlass org/w3c/dom/Node
instanceKlass org/mozilla/javascript/NativeWith
instanceKlass java/text/DigitList
instanceKlass java/text/FieldPosition
instanceKlass java/util/Currency$CurrencyNameGetter
instanceKlass java/util/Currency$1
instanceKlass java/util/Currency
instanceKlass java/text/DecimalFormatSymbols
instanceKlass java/util/concurrent/atomic/AtomicMarkableReference$Pair
instanceKlass java/util/concurrent/atomic/AtomicMarkableReference
instanceKlass java/text/DateFormatSymbols
instanceKlass sun/util/calendar/CalendarUtils
instanceKlass sun/util/calendar/CalendarDate
instanceKlass sun/util/locale/LanguageTag
instanceKlass java/util/ResourceBundle$RBClassLoader$1
instanceKlass sun/util/resources/LocaleData$1
instanceKlass sun/util/resources/LocaleData
instanceKlass sun/util/locale/provider/LocaleResources
instanceKlass sun/util/locale/provider/CalendarDataUtility$CalendarWeekParameterGetter
instanceKlass sun/util/locale/provider/LocaleServiceProviderPool$LocalizedObjectGetter
instanceKlass sun/util/locale/provider/SPILocaleProviderAdapter$1
instanceKlass sun/util/locale/provider/LocaleServiceProviderPool
instanceKlass sun/util/locale/provider/CalendarDataUtility
instanceKlass java/util/Calendar$Builder
instanceKlass sun/util/locale/provider/JRELocaleProviderAdapter$1
instanceKlass sun/util/locale/provider/LocaleDataMetaInfo
instanceKlass sun/util/locale/provider/AvailableLanguageTags
instanceKlass sun/util/locale/provider/LocaleProviderAdapter$1
instanceKlass sun/util/locale/provider/ResourceBundleBasedAdapter
instanceKlass sun/util/locale/provider/LocaleProviderAdapter
instanceKlass java/util/spi/LocaleServiceProvider
instanceKlass java/util/Calendar
instanceKlass java/util/TimeZone$1
instanceKlass java/util/zip/CRC32
instanceKlass java/util/zip/Checksum
instanceKlass sun/util/calendar/ZoneInfoFile$ZoneOffsetTransitionRule
instanceKlass sun/util/calendar/ZoneInfoFile$1
instanceKlass sun/util/calendar/ZoneInfoFile
instanceKlass java/util/Locale$1
instanceKlass java/text/AttributedCharacterIterator$Attribute
instanceKlass java/util/TimeZone
instanceKlass java/text/Format
instanceKlass org/mozilla/javascript/NativeArray$2
instanceKlass org/mozilla/javascript/NativeArray$1
instanceKlass org/mozilla/javascript/Undefined
instanceKlass org/mozilla/javascript/NativeGlobal
instanceKlass org/mozilla/javascript/IdScriptableObject$PrototypeValues
instanceKlass org/mozilla/javascript/UniqueTag
instanceKlass org/mozilla/javascript/ClassCache
instanceKlass java/lang/reflect/AnnotatedType
instanceKlass java/lang/reflect/TypeVariable
instanceKlass org/mozilla/javascript/VMBridge
instanceKlass org/mozilla/javascript/debug/DebuggableScript
instanceKlass org/mozilla/javascript/Script
instanceKlass org/mozilla/javascript/Icode
instanceKlass org/mozilla/javascript/Node
instanceKlass org/mozilla/javascript/optimizer/Codegen
instanceKlass org/mozilla/javascript/Evaluator
instanceKlass org/mozilla/javascript/ScriptRuntime$DefaultMessageProvider
instanceKlass org/mozilla/javascript/ScriptableObject$Slot
instanceKlass org/mozilla/javascript/ContextFactory$GlobalSetter
instanceKlass org/mozilla/javascript/ContextFactory
instanceKlass org/mozilla/javascript/Kit
instanceKlass org/mozilla/javascript/ScriptRuntime$MessageProvider
instanceKlass com/sun/scenario/effect/impl/state/RenderState$3
instanceKlass com/sun/scenario/effect/impl/state/RenderState$2
instanceKlass com/sun/scenario/effect/impl/state/RenderState$1
instanceKlass org/mozilla/javascript/ScriptRuntime
instanceKlass org/mozilla/javascript/ContextAction
instanceKlass org/mozilla/javascript/ContextFactory$Listener
instanceKlass org/mozilla/javascript/Context$ClassShutterSetter
instanceKlass org/mozilla/javascript/ErrorReporter
instanceKlass org/mozilla/javascript/IdFunctionCall
instanceKlass org/mozilla/javascript/ScriptableObject
instanceKlass org/mozilla/javascript/ConstProperties
instanceKlass org/mozilla/javascript/debug/DebuggableObject
instanceKlass com/sun/glass/ui/EventLoop
instanceKlass com/sun/javafx/binding/Logging$LoggerHolder
instanceKlass org/mozilla/javascript/Function
instanceKlass org/mozilla/javascript/Callable
instanceKlass com/sun/javafx/binding/Logging
instanceKlass org/mozilla/javascript/Context
instanceKlass javafx/beans/binding/When$WhenListener
instanceKlass org/mozilla/javascript/Scriptable
instanceKlass javascriptdevil/JSHint
instanceKlass javafx/beans/binding/When$NumberConditionBuilder
instanceKlass com/sun/javafx/binding/DoubleConstant
instanceKlass javafx/beans/binding/When
instanceKlass javafx/animation/Interpolator
instanceKlass org/apache/commons/io/FilenameUtils
instanceKlass com/sun/javafx/scene/control/skin/ProgressBarSkin$StyleableProperties
instanceKlass com/sun/javafx/scene/control/skin/ProgressBarSkin$$Lambda$221
instanceKlass com/sun/javafx/scene/control/skin/ProgressBarSkin$$Lambda$220
instanceKlass javascriptdevil/ProgressWindow$4
instanceKlass javascriptdevil/Javascript
instanceKlass javascriptdevil/JavascriptDevil$7$1
instanceKlass com/sun/javafx/scene/KeyboardShortcutsHandler$1
instanceKlass com/sun/javafx/scene/input/KeyCodeMap
instanceKlass com/sun/javafx/tk/quantum/GlassViewEventHandler$$Lambda$219
instanceKlass java/lang/invoke/LambdaForm$MH
instanceKlass java/lang/invoke/LambdaForm$DMH
instanceKlass java/lang/invoke/LambdaForm$DMH
instanceKlass com/sun/javafx/tk/quantum/GlassSceneDnDEventHandler$$Lambda$218
instanceKlass java/lang/invoke/LambdaForm$DMH
instanceKlass java/lang/invoke/LambdaForm$MH
instanceKlass java/lang/invoke/LambdaForm$DMH
instanceKlass java/lang/invoke/LambdaForm$DMH
instanceKlass com/sun/javafx/tk/quantum/GlassViewEventHandler$$Lambda$217
instanceKlass java/lang/invoke/LambdaForm$DMH
instanceKlass com/sun/javafx/tk/quantum/WindowStage$$Lambda$216
instanceKlass com/sun/javafx/tk/quantum/ViewScene$$Lambda$215
instanceKlass com/sun/javafx/tk/quantum/WindowStage$$Lambda$214
instanceKlass com/sun/javafx/tk/quantum/SceneState$$Lambda$213
instanceKlass java/util/concurrent/CopyOnWriteArrayList$COWIterator
instanceKlass javafx/stage/PopupWindow$$Lambda$212
instanceKlass com/sun/glass/ui/Window$TrackingRectangle
instanceKlass com/sun/glass/ui/Window$UndecoratedMoveResizeHelper
instanceKlass com/sun/prism/impl/QueuedPixelSource
instanceKlass com/sun/prism/PixelSource
instanceKlass com/sun/javafx/geometry/BoundsUtils
instanceKlass com/sun/prism/impl/ps/CachingShapeRepState$CSRDisposerRecord
instanceKlass com/sun/prism/impl/ps/CachingShapeRepState$MaskTexData
instanceKlass com/sun/prism/impl/ps/CachingShapeRepState$MaskCache$$Lambda$211
instanceKlass com/sun/prism/impl/ps/CachingShapeRepState$CacheEntry
instanceKlass com/sun/prism/impl/ps/CachingShapeRepState$MaskCache
instanceKlass com/sun/prism/impl/ps/CachingShapeRepState
instanceKlass com/sun/prism/impl/ps/CachingShapeRep
instanceKlass com/sun/javafx/font/PrismFontFactory$TTFilter
instanceKlass com/sun/javafx/font/PrismFontFactory$$Lambda$210
instanceKlass javafx/scene/layout/FlowPane$LayoutRect
instanceKlass java/util/function/Predicate
instanceKlass java/util/function/Consumer
instanceKlass java/util/Spliterator
instanceKlass java/util/function/UnaryOperator
instanceKlass javascriptdevil/DirectoryEntry$1
instanceKlass com/sun/glass/ui/CommonDialogs$FileChooserResult
instanceKlass com/sun/glass/ui/win/WinCommonDialogs
instanceKlass com/sun/glass/ui/CommonDialogs
instanceKlass com/sun/glass/ui/CommonDialogs$ExtensionFilter
instanceKlass java/lang/invoke/LambdaForm$MH
instanceKlass java/lang/invoke/LambdaForm$DMH
instanceKlass java/lang/invoke/LambdaForm$DMH
instanceKlass javafx/animation/Animation$1$$Lambda$209
instanceKlass java/lang/invoke/LambdaForm$DMH
instanceKlass com/sun/scenario/animation/AnimationPulse$PulseData$$Lambda$208
instanceKlass com/sun/scenario/animation/AnimationPulse$PulseData$$Lambda$207
instanceKlass com/sun/scenario/animation/AnimationPulse$PulseData$$Lambda$206
instanceKlass com/sun/scenario/animation/AnimationPulse$PulseData$$Lambda$205
instanceKlass com/sun/scenario/animation/AnimationPulse$PulseData$$Lambda$204
instanceKlass com/sun/scenario/animation/AnimationPulse$PulseData$$Lambda$203
instanceKlass com/sun/scenario/animation/AnimationPulse$PulseData$$Lambda$202
instanceKlass com/sun/scenario/animation/AnimationPulse$PulseData$$Lambda$201
instanceKlass java/lang/invoke/LambdaForm$DMH
instanceKlass java/lang/invoke/LambdaForm$DMH
instanceKlass com/sun/scenario/animation/AnimationPulse$PulseData
instanceKlass com/sun/scenario/animation/AnimationPulse$PulseData$Accessor
instanceKlass java/util/concurrent/ConcurrentLinkedQueue$Node
instanceKlass com/sun/scenario/animation/AnimationPulse$AnimationPulseHolder
instanceKlass com/sun/scenario/animation/AnimationPulse
instanceKlass com/sun/scenario/animation/AnimationPulseMBean
instanceKlass javafx/animation/Animation$5
instanceKlass javafx/scene/Scene$ClickCounter$$Lambda$200
instanceKlass com/sun/javafx/tk/TKDragSourceListener
instanceKlass javafx/scene/Scene$DnDGesture
instanceKlass com/sun/glass/ui/win/WinClipboardDelegate
instanceKlass com/sun/glass/ui/Clipboard
instanceKlass com/sun/javafx/geom/transform/TransformHelper
instanceKlass java/util/EnumMap$EnumMapIterator
instanceKlass com/sun/javafx/scene/input/PickResultChooser
instanceKlass com/sun/javafx/geom/PickRay
instanceKlass com/sun/javafx/scene/input/InputEventUtils
instanceKlass javafx/scene/input/PickResult
instanceKlass javafx/scene/input/MouseEvent$Flags
instanceKlass com/sun/javafx/tk/quantum/GlassViewEventHandler$$Lambda$199
instanceKlass com/sun/scenario/effect/impl/BufferUtil$$Lambda$198
instanceKlass com/sun/scenario/effect/impl/BufferUtil
instanceKlass com/sun/scenario/effect/impl/state/BoxRenderState$1
instanceKlass com/sun/javafx/sg/prism/NodeEffectInput$1
instanceKlass com/sun/scenario/effect/impl/state/LinearConvolveRenderState$$Lambda$197
instanceKlass java/lang/invoke/LambdaForm$DMH
instanceKlass com/sun/scenario/effect/impl/prism/PrRenderInfo
instanceKlass com/sun/scenario/effect/ImageDataRenderer
instanceKlass com/sun/prism/shader/FillPgram_LinearGradient_PAD_Loader
instanceKlass com/sun/scenario/effect/impl/prism/PrEffectHelper
instanceKlass com/sun/javafx/geom/transform/AffineBase$1
instanceKlass com/sun/scenario/effect/ImageData$$Lambda$196
instanceKlass com/sun/scenario/effect/impl/prism/ps/PPSRenderer$1
instanceKlass com/sun/scenario/effect/impl/ImagePool$$Lambda$195
instanceKlass com/sun/scenario/effect/impl/ImagePool
instanceKlass com/sun/scenario/effect/impl/hw/d3d/D3DShaderSource
instanceKlass com/sun/scenario/effect/impl/hw/ShaderSource
instanceKlass com/sun/scenario/effect/FloatMap
instanceKlass com/sun/scenario/effect/ImageData
instanceKlass com/sun/scenario/effect/impl/EffectPeer
instanceKlass com/sun/prism/ResourceFactoryListener
instanceKlass com/sun/prism/d3d/D3DPipeline$1
instanceKlass com/sun/scenario/effect/impl/prism/PrTexture
instanceKlass com/sun/scenario/effect/impl/PoolFilterable
instanceKlass com/sun/scenario/effect/impl/RendererFactory$$Lambda$194
instanceKlass com/sun/scenario/effect/impl/RendererFactory
instanceKlass com/sun/scenario/effect/impl/Renderer$$Lambda$193
instanceKlass com/sun/scenario/effect/impl/Renderer
instanceKlass com/sun/javafx/geom/transform/Affine2D$1
instanceKlass com/sun/prism/impl/GlyphCache$GlyphData
instanceKlass com/sun/prism/shader/Solid_TextureSecondPassLCD_Loader
instanceKlass com/sun/prism/shader/Solid_TextureFirstPassLCD_Loader
instanceKlass com/sun/prism/impl/GlyphCache
instanceKlass com/sun/prism/PrinterGraphics
instanceKlass com/sun/prism/shader/Solid_TextureRGB_Loader
instanceKlass com/sun/prism/MultiTexture
instanceKlass java/util/Collections$UnmodifiableList$1
instanceKlass com/sun/prism/impl/ps/BaseShaderContext$1
instanceKlass com/sun/prism/shader/Texture_LinearGradient_PAD_Loader
instanceKlass javafx/scene/image/PixelFormat
instanceKlass com/sun/prism/Image$Accessor
instanceKlass com/sun/prism/Image
instanceKlass com/sun/prism/impl/BufferUtil$$Lambda$192
instanceKlass com/sun/prism/impl/BufferUtil
instanceKlass com/sun/prism/impl/ps/PaintHelper
instanceKlass com/sun/prism/d3d/D3DTexture$1
instanceKlass com/sun/prism/paint/Stop
instanceKlass com/sun/javafx/image/impl/BaseByteToByteConverter
instanceKlass com/sun/javafx/image/impl/ByteGray$Accessor
instanceKlass com/sun/javafx/image/BytePixelAccessor
instanceKlass com/sun/javafx/image/ByteToBytePixelConverter
instanceKlass com/sun/javafx/image/PixelConverter
instanceKlass com/sun/javafx/image/BytePixelSetter
instanceKlass com/sun/javafx/image/PixelSetter
instanceKlass com/sun/javafx/image/BytePixelGetter
instanceKlass com/sun/javafx/image/PixelGetter
instanceKlass com/sun/javafx/image/impl/ByteGray
instanceKlass com/sun/prism/shader/Texture_Color_Loader
instanceKlass com/sun/prism/impl/shape/NativePiscesRasterizer$$Lambda$191
instanceKlass com/sun/prism/impl/shape/MaskData
instanceKlass com/sun/prism/impl/shape/NativePiscesRasterizer
instanceKlass com/sun/prism/impl/shape/ShapeRasterizer
instanceKlass com/sun/prism/impl/shape/ShapeUtil
instanceKlass com/sun/javafx/sg/prism/RegionImageCache$CachedImage
instanceKlass com/sun/prism/impl/packrect/Level
instanceKlass com/sun/prism/impl/packrect/RectanglePacker
instanceKlass com/sun/prism/impl/BaseResourceFactory$1
instanceKlass com/sun/javafx/sg/prism/RegionImageCache
instanceKlass com/sun/prism/d3d/D3DContext$1
instanceKlass java/nio/DirectByteBuffer$Deallocator
instanceKlass com/sun/prism/shader/FillPgram_Color_Loader
instanceKlass com/sun/prism/d3d/D3DResourceFactory$$Lambda$190
instanceKlass com/sun/javafx/geom/transform/Affine3D$1
instanceKlass com/sun/prism/impl/BaseGraphicsResource
instanceKlass com/sun/prism/impl/ps/BaseShaderGraphics$$Lambda$189
instanceKlass com/sun/prism/impl/Disposer$Target
instanceKlass com/sun/prism/impl/Disposer
instanceKlass com/sun/prism/impl/PrismTrace
instanceKlass com/sun/prism/d3d/D3DResource$D3DRecord
instanceKlass com/sun/prism/impl/Disposer$Record
instanceKlass com/sun/prism/impl/BaseTexture
instanceKlass com/sun/prism/d3d/D3DContextSource
instanceKlass com/sun/prism/ReadbackRenderTarget
instanceKlass com/sun/prism/d3d/D3DRenderTarget
instanceKlass com/sun/prism/impl/BaseResourcePool$WeakLinkedList
instanceKlass com/sun/prism/impl/BaseResourcePool$$Lambda$188
instanceKlass com/sun/prism/impl/BaseResourcePool$$Lambda$187
instanceKlass com/sun/prism/impl/BaseResourcePool$$Lambda$186
instanceKlass com/sun/prism/impl/BaseResourcePool$$Lambda$185
instanceKlass com/sun/prism/impl/BaseResourcePool$$Lambda$184
instanceKlass com/sun/prism/impl/BaseResourcePool$$Lambda$183
instanceKlass java/lang/invoke/LambdaForm$DMH
instanceKlass java/lang/invoke/LambdaForm$DMH
instanceKlass com/sun/prism/impl/ManagedResource
instanceKlass com/sun/prism/impl/BaseResourcePool$Predicate
instanceKlass com/sun/prism/impl/BaseResourcePool
instanceKlass com/sun/glass/ui/Size
instanceKlass com/sun/javafx/tk/quantum/CursorUtils$1
instanceKlass com/sun/javafx/tk/quantum/CursorUtils
instanceKlass com/sun/javafx/tk/quantum/ViewScene$$Lambda$182
instanceKlass com/sun/javafx/geom/Path2D$SVGParser
instanceKlass com/sun/javafx/sg/prism/EffectFilter
instanceKlass com/sun/scenario/effect/GaussianShadow$1
instanceKlass com/sun/javafx/tk/Toolkit$1
instanceKlass com/sun/scenario/effect/impl/state/LinearConvolveRenderState
instanceKlass com/sun/scenario/effect/Color4f
instanceKlass com/sun/scenario/effect/impl/state/LinearConvolveKernel
instanceKlass com/sun/scenario/effect/impl/state/RenderState
instanceKlass com/sun/javafx/sg/prism/CacheFilter
instanceKlass javafx/scene/control/TextInputControl$TextInputControlFromatterAccessor
instanceKlass javafx/scene/control/TextFormatter$Change
instanceKlass com/sun/javafx/scene/traversal/TabOrderHelper
instanceKlass com/sun/javafx/tk/Toolkit$$Lambda$181
instanceKlass javascriptdevil/ProgressWindow$1
instanceKlass javascriptdevil/IProgress
instanceKlass com/sun/javafx/tk/Toolkit$$Lambda$180
instanceKlass java/lang/invoke/LambdaForm$MH
instanceKlass java/lang/invoke/LambdaForm$DMH
instanceKlass java/lang/invoke/LambdaForm$DMH
instanceKlass com/sun/javafx/tk/quantum/WindowStage$$Lambda$179
instanceKlass com/sun/javafx/tk/quantum/GlassViewEventHandler$ViewEventNotification$$Lambda$178
instanceKlass com/sun/javafx/scene/text/HitInfo
instanceKlass javafx/geometry/Point2D
instanceKlass com/sun/javafx/scene/control/behavior/TextBinding
instanceKlass javafx/scene/layout/Region$11
instanceKlass java/util/NavigableSet
instanceKlass java/util/SortedSet
instanceKlass com/sun/javafx/collections/VetoableListDecorator$ModCountAccessorImpl
instanceKlass com/sun/javafx/collections/VetoableListDecorator$VetoableIteratorDecorator
instanceKlass javafx/scene/effect/Effect$1
instanceKlass javafx/scene/layout/VBox$StyleableProperties
instanceKlass com/sun/javafx/scene/control/skin/ContextMenuContent$StyleableProperties
instanceKlass com/sun/javafx/scene/control/skin/ContextMenuContent$MenuItemContainer$$Lambda$177
instanceKlass com/sun/javafx/scene/control/skin/ContextMenuContent$MenuItemContainer$$Lambda$176
instanceKlass com/sun/javafx/scene/control/skin/ContextMenuContent$MenuItemContainer$$Lambda$175
instanceKlass javafx/scene/control/Label$$Lambda$174
instanceKlass com/sun/javafx/scene/control/skin/ContextMenuContent$MenuItemContainer$$Lambda$173
instanceKlass com/sun/javafx/scene/control/skin/ContextMenuContent$$Lambda$172
instanceKlass com/sun/javafx/scene/control/skin/ContextMenuContent$1
instanceKlass com/sun/javafx/scene/control/skin/ContextMenuContent$$Lambda$171
instanceKlass com/sun/javafx/scene/control/skin/ContextMenuContent$$Lambda$170
instanceKlass com/sun/javafx/scene/control/skin/ContextMenuContent$ArrowMenuItem$$Lambda$169
instanceKlass com/sun/javafx/scene/control/skin/ContextMenuContent$ArrowMenuItem$$Lambda$168
instanceKlass javafx/scene/layout/VBox$$Lambda$167
instanceKlass com/sun/javafx/scene/control/skin/ContextMenuContent$$Lambda$166
instanceKlass com/sun/javafx/scene/control/skin/ContextMenuContent$$Lambda$165
instanceKlass com/sun/javafx/scene/control/skin/ContextMenuContent$$Lambda$164
instanceKlass com/sun/javafx/scene/control/skin/ContextMenuContent$$Lambda$163
instanceKlass com/sun/javafx/scene/control/skin/ContextMenuSkin$4
instanceKlass com/sun/javafx/scene/control/skin/ContextMenuSkin$3
instanceKlass com/sun/javafx/scene/control/skin/ContextMenuSkin$2
instanceKlass com/sun/javafx/scene/control/skin/ContextMenuSkin$1
instanceKlass com/sun/javafx/scene/control/skin/ContextMenuSkin
instanceKlass javafx/scene/layout/FlowPane$Run
instanceKlass com/sun/javafx/text/ScriptMapper
instanceKlass sun/text/bidi/BidiLine
instanceKlass sun/text/normalizer/UTF16
instanceKlass sun/text/normalizer/CharTrie$FriendAgent
instanceKlass sun/text/normalizer/Trie$DefaultGetFoldingOffset
instanceKlass sun/text/normalizer/Trie$DataManipulate
instanceKlass sun/text/normalizer/Trie
instanceKlass sun/text/normalizer/ICUBinary
instanceKlass sun/text/normalizer/UBiDiProps$IsAcceptable
instanceKlass sun/text/normalizer/ICUBinary$Authenticate
instanceKlass sun/text/normalizer/ICUData
instanceKlass sun/text/normalizer/UBiDiProps
instanceKlass sun/text/bidi/BidiBase$Point
instanceKlass sun/text/bidi/BidiBase$InsertPoints
instanceKlass sun/text/bidi/BidiRun
instanceKlass sun/text/bidi/BidiBase$ImpTabPair
instanceKlass sun/text/bidi/BidiBase
instanceKlass java/text/Bidi
instanceKlass javafx/scene/layout/GridPane$CompositeSize
instanceKlass javafx/scene/Parent$4
instanceKlass com/sun/javafx/font/directwrite/DWRITE_GLYPH_METRICS
instanceKlass com/sun/javafx/font/directwrite/DWRITE_GLYPH_RUN
instanceKlass com/sun/javafx/font/directwrite/RECT
instanceKlass com/sun/javafx/font/directwrite/D2D1_MATRIX_3X2_F
instanceKlass com/sun/javafx/font/directwrite/D2D1_COLOR_F
instanceKlass com/sun/javafx/font/directwrite/DWGlyph
instanceKlass com/sun/javafx/font/CMap
instanceKlass com/sun/javafx/font/Glyph
instanceKlass com/sun/javafx/geom/Path2D$Iterator
instanceKlass com/sun/javafx/scene/shape/PathUtils
instanceKlass com/sun/javafx/scene/control/skin/TextFieldSkin$8
instanceKlass com/sun/javafx/scene/control/skin/TextInputControlSkin$StyleableProperties
instanceKlass com/sun/javafx/scene/control/skin/TextFieldSkin$$Lambda$162
instanceKlass com/sun/javafx/scene/control/skin/TextFieldSkin$$Lambda$161
instanceKlass com/sun/javafx/scene/control/skin/TextFieldSkin$$Lambda$160
instanceKlass com/sun/javafx/scene/control/skin/TextFieldSkin$$Lambda$159
instanceKlass com/sun/javafx/scene/control/skin/TextFieldSkin$$Lambda$158
instanceKlass com/sun/javafx/scene/control/skin/TextFieldSkin$$Lambda$157
instanceKlass javafx/scene/text/Text$9
instanceKlass com/sun/javafx/text/TextLine
instanceKlass com/sun/javafx/font/PrismMetrics
instanceKlass com/sun/javafx/text/LayoutCache
instanceKlass com/sun/javafx/text/TextRun
instanceKlass javafx/scene/shape/Shape$StrokeAttributes
instanceKlass com/sun/javafx/scene/control/skin/TextFieldSkin$$Lambda$156
instanceKlass javafx/beans/binding/Bindings$ShortCircuitAndInvalidator
instanceKlass com/sun/javafx/scene/control/skin/TextFieldSkin$$Lambda$155
instanceKlass com/sun/javafx/scene/control/skin/TextFieldSkin$$Lambda$154
instanceKlass com/sun/javafx/scene/control/skin/TextFieldSkin$$Lambda$153
instanceKlass com/sun/javafx/scene/control/skin/TextInputControlSkin$11
instanceKlass com/sun/javafx/scene/control/skin/TextInputControlSkin$$Lambda$152
instanceKlass com/sun/javafx/scene/control/skin/TextInputControlSkin$ContextMenuItem$$Lambda$151
instanceKlass com/sun/javafx/scene/control/skin/resources/ControlResources
instanceKlass com/sun/javafx/scene/control/skin/TextInputControlSkin$CaretBlinking$$Lambda$150
instanceKlass javafx/animation/KeyValue
instanceKlass com/sun/javafx/scene/control/skin/TextInputControlSkin$CaretBlinking$$Lambda$149
instanceKlass com/sun/scenario/animation/shared/InterpolationInterval
instanceKlass com/sun/scenario/animation/shared/ClipInterpolator
instanceKlass com/sun/scenario/animation/shared/TimelineClipCore$$Lambda$148
instanceKlass javafx/animation/KeyFrame
instanceKlass com/sun/scenario/animation/shared/TimelineClipCore
instanceKlass com/sun/scenario/animation/shared/ClipEnvelope
instanceKlass javafx/animation/Animation$1
instanceKlass javafx/util/Duration
instanceKlass com/sun/scenario/animation/shared/AnimationAccessor
instanceKlass javafx/animation/Animation
instanceKlass com/sun/javafx/scene/control/skin/TextInputControlSkin$CaretBlinking
instanceKlass com/sun/javafx/scene/control/behavior/TextFieldBehavior$$Lambda$147
instanceKlass com/sun/javafx/scene/control/behavior/TextFieldBehavior$$Lambda$146
instanceKlass com/sun/javafx/scene/control/behavior/TextFieldBehavior$$Lambda$145
instanceKlass com/sun/javafx/scene/control/behavior/TextInputControlBehavior$$Lambda$144
instanceKlass com/sun/javafx/scene/control/behavior/TextInputControlBindings
instanceKlass com/sun/javafx/scene/control/skin/TextInputControlSkin$$Lambda$143
instanceKlass com/sun/javafx/cursor/CursorFrame
instanceKlass javafx/scene/Cursor
instanceKlass com/sun/javafx/scene/control/skin/ChoiceBoxSkin$$Lambda$142
instanceKlass com/sun/javafx/scene/control/skin/ChoiceBoxSkin$$Lambda$141
instanceKlass com/sun/javafx/scene/control/skin/ChoiceBoxSkin$$Lambda$140
instanceKlass javafx/stage/PopupWindow$2
instanceKlass com/sun/javafx/util/TempState
instanceKlass javafx/stage/PopupWindow$$Lambda$139
instanceKlass javafx/stage/PopupWindow$1
instanceKlass javafx/scene/input/KeyCombination$Modifier
instanceKlass com/sun/javafx/scene/control/skin/ChoiceBoxSkin$$Lambda$138
instanceKlass com/sun/javafx/scene/control/skin/ChoiceBoxSkin$1
instanceKlass javafx/scene/control/ToggleGroup
instanceKlass com/sun/javafx/scene/control/skin/Utils
instanceKlass javafx/scene/control/Toggle
instanceKlass javafx/scene/control/MenuItem
instanceKlass javafx/collections/FXCollections$UnmodifiableObservableSet$1
instanceKlass com/sun/javafx/scene/control/skin/ScrollBarSkin$$Lambda$137
instanceKlass com/sun/javafx/scene/control/skin/ScrollBarSkin$$Lambda$136
instanceKlass com/sun/javafx/scene/control/skin/ScrollBarSkin$$Lambda$135
instanceKlass com/sun/javafx/scene/control/skin/ScrollBarSkin$$Lambda$134
instanceKlass com/sun/javafx/scene/control/skin/ScrollBarSkin$$Lambda$133
instanceKlass com/sun/javafx/scene/control/skin/ScrollBarSkin$$Lambda$132
instanceKlass com/sun/javafx/scene/control/skin/ScrollBarSkin$$Lambda$131
instanceKlass com/sun/javafx/scene/control/skin/ScrollBarSkin$$Lambda$130
instanceKlass com/sun/javafx/scene/control/skin/ScrollBarSkin$$Lambda$129
instanceKlass com/sun/javafx/scene/control/skin/ScrollBarSkin$$Lambda$128
instanceKlass java/lang/invoke/LambdaForm$BMH
instanceKlass com/sun/javafx/scene/control/skin/ScrollBarSkin$$Lambda$127
instanceKlass com/sun/javafx/css/BitSet$1
instanceKlass javafx/collections/SetChangeListener
instanceKlass com/sun/javafx/scene/control/skin/ScrollPaneSkin$$Lambda$126
instanceKlass com/sun/javafx/scene/control/skin/ScrollPaneSkin$$Lambda$125
instanceKlass com/sun/javafx/scene/control/skin/ScrollPaneSkin$$Lambda$124
instanceKlass com/sun/javafx/scene/control/skin/ScrollPaneSkin$$Lambda$123
instanceKlass com/sun/javafx/scene/control/skin/ScrollPaneSkin$$Lambda$122
instanceKlass com/sun/javafx/scene/control/skin/ScrollPaneSkin$$Lambda$121
instanceKlass com/sun/javafx/scene/control/skin/ScrollPaneSkin$$Lambda$120
instanceKlass com/sun/javafx/scene/control/skin/ScrollPaneSkin$$Lambda$119
instanceKlass com/sun/javafx/scene/control/skin/ScrollPaneSkin$$Lambda$118
instanceKlass com/sun/javafx/scene/EventHandlerProperties
instanceKlass com/sun/javafx/scene/control/skin/ScrollPaneSkin$$Lambda$117
instanceKlass com/sun/javafx/scene/control/skin/ScrollPaneSkin$$Lambda$116
instanceKlass com/sun/javafx/scene/control/skin/ScrollPaneSkin$$Lambda$115
instanceKlass javafx/scene/control/ScrollBar$StyleableProperties
instanceKlass javafx/scene/layout/FlowPane$StyleableProperties
instanceKlass javafx/scene/layout/StackPane$StyleableProperties
instanceKlass javafx/scene/shape/Rectangle$StyleableProperties
instanceKlass com/sun/javafx/scene/control/skin/ScrollPaneSkin$$Lambda$114
instanceKlass com/sun/javafx/geom/PathIterator
instanceKlass javafx/scene/Node$MiscProperties
instanceKlass javafx/scene/layout/StackPane$$Lambda$113
instanceKlass com/sun/javafx/scene/control/skin/ScrollPaneSkin$2
instanceKlass com/sun/javafx/scene/control/skin/ScrollPaneSkin$1
instanceKlass com/sun/javafx/scene/traversal/TraverseListener
instanceKlass javafx/scene/control/SkinBasei 8 11 org/mozilla/javascript/Parser consumeToken ()V 7 30 org/mozilla/javascript/Parser andExpr ()Lorg/mozilla/javascript/ast/AstNode; 8 1 org/mozilla/javascript/Parser bitOrExpr ()Lorg/mozilla/javascript/ast/AstNode; 9 1 org/mozilla/javascript/Parser bitXorExpr ()Lorg/mozilla/javascript/ast/AstNode; 10 1 org/mozilla/javascript/Parser bitAndExpr ()Lorg/mozilla/javascript/ast/AstNode; 10 8 org/mozilla/javascript/Parser matchToken (I)Z 9 8 org/mozilla/javascript/Parser matchToken (I)Z 10 1 org/mozilla/javascript/Parser peekToken ()I 11 16 org/mozilla/javascript/TokenStream getLineno ()I 11 59 org/mozilla/javascript/CompilerEnvirons isRecordingComments ()Z 10 11 org/mozilla/javascript/Parser consumeToken ()V 8 8 org/mozilla/javascript/Parser matchToken (I)Z 9 1 org/mozilla/javascript/Parser peekToken ()I 10 16 org/mozilla/javascript/TokenStream getLineno ()I 10 59 org/mozilla/javascript/CompilerEnvirons isRecordingComments ()Z 9 11 org/mozilla/javascript/Parser consumeToken ()V 5 67 org/mozilla/javascript/ast/AstNode getPosition ()I 5 99 org/mozilla/javascript/Node setLineno (I)V 5 128 org/mozilla/javascript/ast/ConditionalExpression setQuestionMarkPosition (I)V 5 138 org/mozilla/javascript/ast/ConditionalExpression setColonPosition (I)V 4 41 org/mozilla/javascript/Parser consumeToken ()V
